<?xml version="1.0" encoding="UTF-8"?>
<!-- Generated by org.testng.reporters.JUnitXMLReporter -->
<testsuite hostname="Maruf" name="Default test" tests="4" failures="0" timestamp="4 Jan 2016 21:22:32 GMT" time="79.644" errors="0">
  <testcase name="test1" time="10.855" classname="com.paxotech.qa.scripts.HeatClinicTest"/>
  <testcase name="test2" time="0.394" classname="com.paxotech.qa.scripts.HeatClinicTest"/>
  <testcase name="tab" time="6.829" classname="com.paxotech.qa.scripts.HeatClinicTest2"/>
  <testcase name="test" time="8.349" classname="com.paxotech.qa.scripts.HeatClinicTest2"/>
</testsuite> <!-- Default test -->
