<?xml version="1.0" encoding="UTF-8"?>
<testng-results skipped="0" failed="0" total="4" passed="4">
  <reporter-output>
  </reporter-output>
  <suite name="Heatclinic Tests" duration-ms="75130" started-at="2016-01-04T21:29:52Z" finished-at="2016-01-04T21:31:07Z">
    <groups>
    </groups>
    <test name="Heatclinic Test" duration-ms="41321" started-at="2016-01-04T21:29:52Z" finished-at="2016-01-04T21:30:33Z">
      <class name="com.paxotech.qa.scripts.HeatClinicTest">
        <test-method status="PASS" signature="setUp(java.lang.String)[pri:0, instance:com.paxotech.qa.scripts.HeatClinicTest@2133c8f8]" name="setUp" is-config="true" duration-ms="11354" started-at="2016-01-04T16:29:52Z" finished-at="2016-01-04T16:30:03Z">
          <params>
            <param index="0">
              <value>
                <![CDATA[ff]]>
              </value>
            </param>
          </params>
          <reporter-output>
          </reporter-output>
        </test-method> <!-- setUp -->
        <test-method status="PASS" signature="test1()[pri:0, instance:com.paxotech.qa.scripts.HeatClinicTest@2133c8f8]" name="test1" duration-ms="11833" started-at="2016-01-04T16:30:03Z" finished-at="2016-01-04T16:30:15Z">
          <reporter-output>
          </reporter-output>
        </test-method> <!-- test1 -->
        <test-method status="PASS" signature="tearDown()[pri:0, instance:com.paxotech.qa.scripts.HeatClinicTest@2133c8f8]" name="tearDown" is-config="true" duration-ms="616" started-at="2016-01-04T16:30:15Z" finished-at="2016-01-04T16:30:16Z">
          <reporter-output>
          </reporter-output>
        </test-method> <!-- tearDown -->
        <test-method status="PASS" signature="setUp(java.lang.String)[pri:0, instance:com.paxotech.qa.scripts.HeatClinicTest@2133c8f8]" name="setUp" is-config="true" duration-ms="8916" started-at="2016-01-04T16:30:16Z" finished-at="2016-01-04T16:30:24Z">
          <params>
            <param index="0">
              <value>
                <![CDATA[ff]]>
              </value>
            </param>
          </params>
          <reporter-output>
          </reporter-output>
        </test-method> <!-- setUp -->
        <test-method status="PASS" signature="test2()[pri:0, instance:com.paxotech.qa.scripts.HeatClinicTest@2133c8f8]" name="test2" duration-ms="326" started-at="2016-01-04T16:30:24Z" finished-at="2016-01-04T16:30:25Z">
          <reporter-output>
          </reporter-output>
        </test-method> <!-- test2 -->
        <test-method status="PASS" signature="tearDown()[pri:0, instance:com.paxotech.qa.scripts.HeatClinicTest@2133c8f8]" name="tearDown" is-config="true" duration-ms="8248" started-at="2016-01-04T16:30:25Z" finished-at="2016-01-04T16:30:33Z">
          <reporter-output>
          </reporter-output>
        </test-method> <!-- tearDown -->
      </class> <!-- com.paxotech.qa.scripts.HeatClinicTest -->
    </test> <!-- Heatclinic Test -->
    <test name="Heatclinic Test2" duration-ms="33782" started-at="2016-01-04T21:30:33Z" finished-at="2016-01-04T21:31:07Z">
      <class name="com.paxotech.qa.scripts.HeatClinicTest2">
        <test-method status="PASS" signature="setUp(java.lang.String)[pri:0, instance:com.paxotech.qa.scripts.HeatClinicTest2@2acf57e3]" name="setUp" is-config="true" duration-ms="8280" started-at="2016-01-04T16:30:33Z" finished-at="2016-01-04T16:30:41Z">
          <params>
            <param index="0">
              <value>
                <![CDATA[ff]]>
              </value>
            </param>
          </params>
          <reporter-output>
          </reporter-output>
        </test-method> <!-- setUp -->
        <test-method status="PASS" signature="tab()[pri:0, instance:com.paxotech.qa.scripts.HeatClinicTest2@2acf57e3]" name="tab" duration-ms="5738" started-at="2016-01-04T16:30:41Z" finished-at="2016-01-04T16:30:47Z">
          <reporter-output>
          </reporter-output>
        </test-method> <!-- tab -->
        <test-method status="PASS" signature="tearDown()[pri:0, instance:com.paxotech.qa.scripts.HeatClinicTest2@2acf57e3]" name="tearDown" is-config="true" duration-ms="516" started-at="2016-01-04T16:30:47Z" finished-at="2016-01-04T16:30:48Z">
          <reporter-output>
          </reporter-output>
        </test-method> <!-- tearDown -->
        <test-method status="PASS" signature="setUp(java.lang.String)[pri:0, instance:com.paxotech.qa.scripts.HeatClinicTest2@2acf57e3]" name="setUp" is-config="true" duration-ms="10963" started-at="2016-01-04T16:30:48Z" finished-at="2016-01-04T16:30:59Z">
          <params>
            <param index="0">
              <value>
                <![CDATA[ff]]>
              </value>
            </param>
          </params>
          <reporter-output>
          </reporter-output>
        </test-method> <!-- setUp -->
        <test-method status="PASS" signature="test()[pri:0, instance:com.paxotech.qa.scripts.HeatClinicTest2@2acf57e3]" name="test" duration-ms="7753" started-at="2016-01-04T16:30:59Z" finished-at="2016-01-04T16:31:06Z">
          <reporter-output>
          </reporter-output>
        </test-method> <!-- test -->
        <test-method status="PASS" signature="tearDown()[pri:0, instance:com.paxotech.qa.scripts.HeatClinicTest2@2acf57e3]" name="tearDown" is-config="true" duration-ms="529" started-at="2016-01-04T16:31:06Z" finished-at="2016-01-04T16:31:07Z">
          <reporter-output>
          </reporter-output>
        </test-method> <!-- tearDown -->
      </class> <!-- com.paxotech.qa.scripts.HeatClinicTest2 -->
    </test> <!-- Heatclinic Test2 -->
  </suite> <!-- Heatclinic Tests -->
</testng-results>
