<?xml version="1.0" encoding="UTF-8"?>
<testng-results skipped="0" failed="0" total="1" passed="1">
  <reporter-output>
  </reporter-output>
  <suite name="Default suite" duration-ms="23304" started-at="2016-01-04T21:48:01Z" finished-at="2016-01-04T21:48:24Z">
    <groups>
    </groups>
    <test name="Default test" duration-ms="23304" started-at="2016-01-04T21:48:01Z" finished-at="2016-01-04T21:48:24Z">
      <class name="com.paxotech.qa.scripts.HeatClinicTest">
        <test-method status="PASS" signature="setUp(java.lang.String)[pri:0, instance:com.paxotech.qa.scripts.HeatClinicTest@1e643faf]" name="setUp" is-config="true" duration-ms="12156" started-at="2016-01-04T16:48:01Z" finished-at="2016-01-04T16:48:13Z">
          <params>
            <param index="0">
              <value>
                <![CDATA[ff]]>
              </value>
            </param>
          </params>
          <reporter-output>
          </reporter-output>
        </test-method> <!-- setUp -->
        <test-method status="PASS" signature="test1()[pri:0, instance:com.paxotech.qa.scripts.HeatClinicTest@1e643faf]" name="test1" duration-ms="10429" started-at="2016-01-04T16:48:13Z" finished-at="2016-01-04T16:48:24Z">
          <reporter-output>
          </reporter-output>
        </test-method> <!-- test1 -->
        <test-method status="PASS" signature="tearDown(org.testng.ITestResult)[pri:0, instance:com.paxotech.qa.scripts.HeatClinicTest@1e643faf]" name="tearDown" is-config="true" duration-ms="677" started-at="2016-01-04T16:48:24Z" finished-at="2016-01-04T16:48:24Z">
          <params>
            <param index="0">
              <value>
                <![CDATA[[TestResult name=test1 status=SUCCESS method=HeatClinicTest.test1()[pri:0, instance:com.paxotech.qa.scripts.HeatClinicTest@1e643faf] output={null}]]]>
              </value>
            </param>
          </params>
          <reporter-output>
          </reporter-output>
        </test-method> <!-- tearDown -->
      </class> <!-- com.paxotech.qa.scripts.HeatClinicTest -->
    </test> <!-- Default test -->
  </suite> <!-- Default suite -->
</testng-results>
